TN:
SF:src/client.ts
FN:18,(anonymous_1)
FN:25,(anonymous_2)
FN:39,(anonymous_3)
FN:53,(anonymous_4)
FN:64,(anonymous_5)
FN:75,(anonymous_6)
FN:87,(anonymous_7)
FN:98,(anonymous_8)
FN:109,(anonymous_9)
FNF:9
FNH:9
FNDA:14,(anonymous_1)
FNDA:3,(anonymous_2)
FNDA:3,(anonymous_3)
FNDA:2,(anonymous_4)
FNDA:2,(anonymous_5)
FNDA:2,(anonymous_6)
FNDA:2,(anonymous_7)
FNDA:2,(anonymous_8)
FNDA:7,(anonymous_9)
DA:1,1
DA:3,1
DA:12,14
DA:13,14
DA:14,14
DA:15,14
DA:16,14
DA:19,14
DA:22,14
DA:26,3
DA:27,3
DA:28,1
DA:30,2
DA:31,1
DA:32,1
DA:34,1
DA:35,1
DA:40,3
DA:41,3
DA:42,1
DA:43,1
DA:44,1
DA:45,1
DA:46,1
DA:48,2
DA:49,2
DA:54,2
DA:55,2
DA:56,1
DA:57,1
DA:59,1
DA:60,1
DA:65,2
DA:66,2
DA:67,1
DA:68,1
DA:70,1
DA:71,1
DA:76,2
DA:77,2
DA:78,1
DA:79,1
DA:80,1
DA:82,1
DA:83,1
DA:88,2
DA:89,2
DA:90,1
DA:91,1
DA:93,1
DA:94,1
DA:99,2
DA:100,2
DA:101,1
DA:102,1
DA:104,1
DA:105,1
DA:110,7
DA:114,1
LF:59
LH:59
BRDA:18,0,0,1
BRDA:18,1,0,1
BRDA:20,2,0,1
BRDA:20,2,1,13
BRDA:27,3,0,1
BRF:5
BRH:5
end_of_record
