TN:
SF:src/client.ts
FN:20,(anonymous_1)
FN:32,(anonymous_2)
FN:47,(anonymous_3)
FN:52,(anonymous_4)
FN:59,(anonymous_5)
FN:80,(anonymous_6)
FN:94,(anonymous_7)
FN:110,(anonymous_8)
FN:117,(anonymous_9)
FN:131,(anonymous_10)
FN:148,(anonymous_11)
FN:155,(anonymous_12)
FN:167,(anonymous_13)
FN:174,(anonymous_14)
FN:186,(anonymous_15)
FN:193,(anonymous_16)
FNF:16
FNH:16
FNDA:19,(anonymous_1)
FNDA:5,(anonymous_2)
FNDA:1,(anonymous_3)
FNDA:7,(anonymous_4)
FNDA:7,(anonymous_5)
FNDA:4,(anonymous_6)
FNDA:3,(anonymous_7)
FNDA:5,(anonymous_8)
FNDA:2,(anonymous_9)
FNDA:2,(anonymous_10)
FNDA:3,(anonymous_11)
FNDA:2,(anonymous_12)
FNDA:2,(anonymous_13)
FNDA:2,(anonymous_14)
FNDA:2,(anonymous_15)
FNDA:9,(anonymous_16)
DA:1,2
DA:3,2
DA:9,2
DA:14,19
DA:15,19
DA:16,19
DA:17,19
DA:18,19
DA:21,19
DA:22,19
DA:23,19
DA:26,19
DA:33,5
DA:34,5
DA:35,1
DA:37,5
DA:38,4
DA:39,4
DA:41,1
DA:42,1
DA:43,1
DA:48,1
DA:49,1
DA:53,7
DA:60,7
DA:62,7
DA:63,4
DA:64,4
DA:65,4
DA:66,4
DA:67,4
DA:68,4
DA:69,4
DA:70,4
DA:72,3
DA:73,0
DA:81,4
DA:82,4
DA:86,2
DA:87,2
DA:89,2
DA:90,0
DA:95,3
DA:96,3
DA:97,3
DA:98,3
DA:99,3
DA:104,2
DA:106,2
DA:111,5
DA:118,2
DA:119,2
DA:123,1
DA:124,1
DA:126,1
DA:127,0
DA:135,2
DA:136,2
DA:141,1
DA:142,1
DA:144,1
DA:149,3
DA:156,2
DA:158,2
DA:159,1
DA:160,1
DA:162,1
DA:163,0
DA:168,2
DA:175,2
DA:177,2
DA:178,1
DA:179,1
DA:181,1
DA:182,0
DA:187,2
DA:194,9
DA:195,9
DA:199,2
LF:79
LH:74
BRDA:20,0,0,1
BRDA:20,1,0,1
BRDA:22,2,0,1
BRDA:22,2,1,18
BRDA:24,3,0,1
BRDA:24,3,1,18
BRDA:34,4,0,1
BRF:7
BRH:7
end_of_record
TN:
SF:src/useClient.ts
FN:5,(anonymous_1)
FN:7,(anonymous_2)
FN:15,(anonymous_3)
FN:17,(anonymous_4)
FN:18,(anonymous_5)
FN:24,(anonymous_6)
FN:25,(anonymous_7)
FN:28,(anonymous_8)
FN:31,(anonymous_9)
FN:34,(anonymous_10)
FN:37,(anonymous_11)
FN:48,(anonymous_12)
FNF:12
FNH:12
FNDA:14,(anonymous_1)
FNDA:9,(anonymous_2)
FNDA:9,(anonymous_3)
FNDA:9,(anonymous_4)
FNDA:1,(anonymous_5)
FNDA:9,(anonymous_6)
FNDA:1,(anonymous_7)
FNDA:1,(anonymous_8)
FNDA:1,(anonymous_9)
FNDA:1,(anonymous_10)
FNDA:1,(anonymous_11)
FNDA:9,(anonymous_12)
DA:1,1
DA:3,1
DA:5,1
DA:6,14
DA:7,9
DA:9,14
DA:10,14
DA:11,14
DA:12,14
DA:13,14
DA:15,14
DA:16,9
DA:17,9
DA:18,9
DA:19,1
DA:24,14
DA:25,9
DA:26,1
DA:28,9
DA:29,1
DA:31,9
DA:32,1
DA:34,9
DA:35,1
DA:37,9
DA:38,1
DA:41,9
DA:42,9
DA:43,9
DA:44,9
DA:45,9
DA:48,9
DA:49,9
DA:50,9
DA:51,9
DA:52,9
DA:53,9
DA:57,14
LF:38
LH:38
BRF:0
BRH:0
end_of_record
